no change     /vast/palmer/apps/avx2/software/miniconda/23.5.2/condabin/conda
no change     /vast/palmer/apps/avx2/software/miniconda/23.5.2/bin/conda
no change     /vast/palmer/apps/avx2/software/miniconda/23.5.2/bin/conda-env
no change     /vast/palmer/apps/avx2/software/miniconda/23.5.2/bin/activate
no change     /vast/palmer/apps/avx2/software/miniconda/23.5.2/bin/deactivate
no change     /vast/palmer/apps/avx2/software/miniconda/23.5.2/etc/profile.d/conda.sh
no change     /vast/palmer/apps/avx2/software/miniconda/23.5.2/etc/fish/conf.d/conda.fish
no change     /vast/palmer/apps/avx2/software/miniconda/23.5.2/shell/condabin/Conda.psm1
no change     /vast/palmer/apps/avx2/software/miniconda/23.5.2/shell/condabin/conda-hook.ps1
no change     /vast/palmer/apps/avx2/software/miniconda/23.5.2/lib/python3.11/site-packages/xontrib/conda.xsh
no change     /vast/palmer/apps/avx2/software/miniconda/23.5.2/etc/profile.d/conda.csh
no change     /home/ah2426/.bashrc
No action taken.
/gpfs/gibbs/project/tsang/ah2426/conda_envs/pytorch_envi/lib/python3.11/site-packages/scipy/stats/_stats_py.py:4781: ConstantInputWarning: An input array is constant; the correlation coefficient is not defined.
  warnings.warn(stats.ConstantInputWarning(msg))
/gpfs/gibbs/project/tsang/ah2426/conda_envs/pytorch_envi/lib/python3.11/site-packages/scipy/stats/_stats_py.py:5445: ConstantInputWarning: An input array is constant; the correlation coefficient is not defined.
  warnings.warn(stats.ConstantInputWarning(warn_msg))
/gpfs/gibbs/project/tsang/ah2426/conda_envs/pytorch_envi/lib/python3.11/site-packages/scipy/stats/_stats_py.py:4781: ConstantInputWarning: An input array is constant; the correlation coefficient is not defined.
  warnings.warn(stats.ConstantInputWarning(msg))
/gpfs/gibbs/project/tsang/ah2426/conda_envs/pytorch_envi/lib/python3.11/site-packages/scipy/stats/_stats_py.py:5445: ConstantInputWarning: An input array is constant; the correlation coefficient is not defined.
  warnings.warn(stats.ConstantInputWarning(warn_msg))
